<?xml version="1.0" encoding="UTF-8"?>
<robot generator="Robot 7.0 (Python 3.12.2 on win32)" generated="2024-03-18T00:55:04.731347" rpa="false" schemaversion="5">
<suite id="s1" name="Testcases" source="c:\Users\hp\.vscode\OrangeHRMold\Testcases.robot">
<test id="s1-t1" name="OrangeHRM task" line="6">
<kw name="open login page" owner="Resources">
<kw name="Open Browser" owner="SeleniumLibrary">
<msg time="2024-03-18T00:55:05.080411" level="INFO">Opening browser 'chrome' to base url 'https://opensource-demo.orangehrmlive.com/'.</msg>
<arg>${url}</arg>
<arg>${browser}</arg>
<doc>Opens a new browser instance to the optional ``url``.</doc>
<status status="PASS" start="2024-03-18T00:55:05.079413" elapsed="7.717184"/>
</kw>
<kw name="Maximize Browser Window" owner="SeleniumLibrary">
<doc>Maximizes current browser window.</doc>
<status status="PASS" start="2024-03-18T00:55:12.797596" elapsed="0.128253"/>
</kw>
<status status="PASS" start="2024-03-18T00:55:05.078416" elapsed="7.847433"/>
</kw>
<kw name="Add valid username and Password" owner="Resources">
<kw name="Wait Until Page Contains Element" owner="SeleniumLibrary">
<arg>${Username_Field}</arg>
<arg>timeout=10s</arg>
<doc>Waits until the element ``locator`` appears on the current page.</doc>
<status status="PASS" start="2024-03-18T00:55:12.927846" elapsed="0.319806"/>
</kw>
<kw name="Input Text" owner="SeleniumLibrary">
<msg time="2024-03-18T00:55:13.247652" level="INFO">Typing text 'Admin' into text field '//input[@placeholder='Username']'.</msg>
<arg>${Username_Field}</arg>
<arg>${username_value}</arg>
<doc>Types the given ``text`` into the text field identified by ``locator``.</doc>
<status status="PASS" start="2024-03-18T00:55:13.247652" elapsed="0.111841"/>
</kw>
<kw name="Sleep" owner="BuiltIn">
<msg time="2024-03-18T00:55:16.359833" level="INFO">Slept 3 seconds.</msg>
<arg>3</arg>
<doc>Pauses the test executed for the given time.</doc>
<status status="PASS" start="2024-03-18T00:55:13.359493" elapsed="3.000340"/>
</kw>
<kw name="Wait Until Page Contains Element" owner="SeleniumLibrary">
<arg>${Password_Field}</arg>
<arg>timeout=10s</arg>
<doc>Waits until the element ``locator`` appears on the current page.</doc>
<status status="PASS" start="2024-03-18T00:55:16.359833" elapsed="0.014950"/>
</kw>
<kw name="Input Password" owner="SeleniumLibrary">
<msg time="2024-03-18T00:55:16.375783" level="INFO">Typing password into text field '//input[@placeholder='Password']'.</msg>
<msg time="2024-03-18T00:55:16.410707" level="INFO">Temporally setting log level to: NONE</msg>
<arg>${Password_Field}</arg>
<arg>${password_value}</arg>
<doc>Types the given password into the text field identified by ``locator``.</doc>
<status status="PASS" start="2024-03-18T00:55:16.374783" elapsed="0.103883"/>
</kw>
<kw name="Sleep" owner="BuiltIn">
<msg time="2024-03-18T00:55:19.479769" level="INFO">Slept 3 seconds.</msg>
<arg>3</arg>
<doc>Pauses the test executed for the given time.</doc>
<status status="PASS" start="2024-03-18T00:55:16.479662" elapsed="3.000107"/>
</kw>
<status status="PASS" start="2024-03-18T00:55:12.926850" elapsed="6.552919"/>
</kw>
<kw name="CLick Login button" owner="Resources">
<kw name="Click Button" owner="SeleniumLibrary">
<msg time="2024-03-18T00:55:19.481771" level="INFO">Clicking button '//button[@type='submit']'.</msg>
<arg>${loginbutton}</arg>
<doc>Clicks the button identified by ``locator``.</doc>
<status status="PASS" start="2024-03-18T00:55:19.480773" elapsed="0.074818"/>
</kw>
<kw name="Sleep" owner="BuiltIn">
<msg time="2024-03-18T00:55:21.558003" level="INFO">Slept 2 seconds.</msg>
<arg>2</arg>
<doc>Pauses the test executed for the given time.</doc>
<status status="PASS" start="2024-03-18T00:55:19.556588" elapsed="2.001415"/>
</kw>
<status status="PASS" start="2024-03-18T00:55:19.480773" elapsed="2.077230"/>
</kw>
<kw name="Check the Page title" owner="Resources">
<kw name="Title Should Be" owner="SeleniumLibrary">
<msg time="2024-03-18T00:55:21.570868" level="INFO">Page title is 'OrangeHRM'.</msg>
<arg>OrangeHRM</arg>
<doc>Verifies that the current page title equals ``title``.</doc>
<status status="PASS" start="2024-03-18T00:55:21.559896" elapsed="0.010972"/>
</kw>
<kw name="Sleep" owner="BuiltIn">
<msg time="2024-03-18T00:55:23.572063" level="INFO">Slept 2 seconds.</msg>
<arg>2</arg>
<doc>Pauses the test executed for the given time.</doc>
<status status="PASS" start="2024-03-18T00:55:21.570868" elapsed="2.001195"/>
</kw>
<status status="PASS" start="2024-03-18T00:55:21.558901" elapsed="2.013162"/>
</kw>
<kw name="Click on Leave" owner="Resources">
<kw name="Click Element" owner="SeleniumLibrary">
<msg time="2024-03-18T00:55:23.574062" level="INFO">Clicking element '//a[@href='/web/index.php/leave/viewLeaveModule']'.</msg>
<arg>${Leave}</arg>
<doc>Click the element identified by ``locator``.</doc>
<status status="PASS" start="2024-03-18T00:55:23.574062" elapsed="1.961767"/>
</kw>
<kw name="Sleep" owner="BuiltIn">
<msg time="2024-03-18T00:55:27.536143" level="INFO">Slept 2 seconds.</msg>
<arg>2</arg>
<doc>Pauses the test executed for the given time.</doc>
<status status="PASS" start="2024-03-18T00:55:25.535829" elapsed="2.000314"/>
</kw>
<status status="PASS" start="2024-03-18T00:55:23.573068" elapsed="3.963075"/>
</kw>
<kw name="Check the Leave Page Header" owner="Resources">
<kw name="Page Should Contain Element" owner="SeleniumLibrary">
<msg time="2024-03-18T00:55:27.554098" level="INFO">Current page contains element '//div[@class='oxd-topbar-header-title']'.</msg>
<arg>${Header}</arg>
<doc>Verifies that element ``locator`` is found on the current page.</doc>
<status status="PASS" start="2024-03-18T00:55:27.538141" elapsed="0.015957"/>
</kw>
<kw name="Sleep" owner="BuiltIn">
<msg time="2024-03-18T00:55:29.555400" level="INFO">Slept 2 seconds.</msg>
<arg>2</arg>
<doc>Pauses the test executed for the given time.</doc>
<status status="PASS" start="2024-03-18T00:55:27.555133" elapsed="2.000267"/>
</kw>
<status status="PASS" start="2024-03-18T00:55:27.537149" elapsed="2.018251"/>
</kw>
<kw name="Click on Assign Leave Button" owner="Resources">
<kw name="Wait Until Page Contains Element" owner="SeleniumLibrary">
<arg>${Assign_Leave}</arg>
<doc>Waits until the element ``locator`` appears on the current page.</doc>
<status status="PASS" start="2024-03-18T00:55:29.557144" elapsed="0.012183"/>
</kw>
<kw name="Click Element" owner="SeleniumLibrary">
<msg time="2024-03-18T00:55:29.570324" level="INFO">Clicking element '//header[@class='oxd-topbar']//li[7]'.</msg>
<arg>${Assign_Leave}</arg>
<doc>Click the element identified by ``locator``.</doc>
<status status="PASS" start="2024-03-18T00:55:29.570324" elapsed="0.348974"/>
</kw>
<kw name="Sleep" owner="BuiltIn">
<msg time="2024-03-18T00:55:31.919617" level="INFO">Slept 2 seconds.</msg>
<arg>2</arg>
<doc>Pauses the test executed for the given time.</doc>
<status status="PASS" start="2024-03-18T00:55:29.919298" elapsed="2.000319"/>
</kw>
<status status="PASS" start="2024-03-18T00:55:29.556148" elapsed="2.363469"/>
</kw>
<kw name="Check the Assign Leave" owner="Resources">
<kw name="Page Should Contain" owner="SeleniumLibrary">
<msg time="2024-03-18T00:55:31.939377" level="INFO">Current page contains text 'Assign Leave'.</msg>
<arg>Assign Leave</arg>
<doc>Verifies that current page contains ``text``.</doc>
<status status="PASS" start="2024-03-18T00:55:31.921616" elapsed="0.017761"/>
</kw>
<kw name="Sleep" owner="BuiltIn">
<msg time="2024-03-18T00:55:33.940717" level="INFO">Slept 2 seconds.</msg>
<arg>2</arg>
<doc>Pauses the test executed for the given time.</doc>
<status status="PASS" start="2024-03-18T00:55:31.940409" elapsed="2.000308"/>
</kw>
<status status="PASS" start="2024-03-18T00:55:31.920618" elapsed="2.020099"/>
</kw>
<kw name="Add Employee Name" owner="Resources">
<kw name="Wait Until Page Contains Element" owner="SeleniumLibrary">
<arg>${Emplyee_name_Field}</arg>
<arg>timeout=10s</arg>
<doc>Waits until the element ``locator`` appears on the current page.</doc>
<status status="PASS" start="2024-03-18T00:55:33.942716" elapsed="0.013961"/>
</kw>
<kw name="Input Text" owner="SeleniumLibrary">
<msg time="2024-03-18T00:55:33.957714" level="INFO">Typing text 'Nali' into text field '//input[@placeholder='Type for hints...']'.</msg>
<arg>${Emplyee_name_Field}</arg>
<arg>Nali</arg>
<doc>Types the given ``text`` into the text field identified by ``locator``.</doc>
<status status="PASS" start="2024-03-18T00:55:33.956677" elapsed="0.110753"/>
</kw>
<kw name="Sleep" owner="BuiltIn">
<msg time="2024-03-18T00:55:39.067877" level="INFO">Slept 5 seconds.</msg>
<arg>5</arg>
<doc>Pauses the test executed for the given time.</doc>
<status status="PASS" start="2024-03-18T00:55:34.067430" elapsed="5.000447"/>
</kw>
<kw name="Wait Until Page Contains Element" owner="SeleniumLibrary">
<arg>${Search_results}</arg>
<doc>Waits until the element ``locator`` appears on the current page.</doc>
<status status="PASS" start="2024-03-18T00:55:39.067877" elapsed="0.012128"/>
</kw>
<kw name="Click Element" owner="SeleniumLibrary">
<msg time="2024-03-18T00:55:39.081002" level="INFO">Clicking element '//div[@role='option']'.</msg>
<arg>${Search_results}</arg>
<doc>Click the element identified by ``locator``.</doc>
<status status="PASS" start="2024-03-18T00:55:39.081002" elapsed="0.053751"/>
</kw>
<status status="PASS" start="2024-03-18T00:55:33.941722" elapsed="5.194031"/>
</kw>
<kw name="Add Leave Type" owner="Resources">
<kw name="Click Element" owner="SeleniumLibrary">
<msg time="2024-03-18T00:55:39.137745" level="INFO">Clicking element '//div[@class='oxd-select-text-input']'.</msg>
<arg>${Leave_Type_Field}</arg>
<doc>Click the element identified by ``locator``.</doc>
<status status="PASS" start="2024-03-18T00:55:39.137745" elapsed="0.058436"/>
</kw>
<kw name="Sleep" owner="BuiltIn">
<msg time="2024-03-18T00:55:41.199557" level="INFO">Slept 2 seconds.</msg>
<arg>2</arg>
<doc>Pauses the test executed for the given time.</doc>
<status status="PASS" start="2024-03-18T00:55:39.197177" elapsed="2.002380"/>
</kw>
<kw name="Wait Until Page Contains Element" owner="SeleniumLibrary">
<arg>${Leave_Type_DDL}</arg>
<arg>timeout=10s</arg>
<doc>Waits until the element ``locator`` appears on the current page.</doc>
<status status="PASS" start="2024-03-18T00:55:41.199557" elapsed="0.012632"/>
</kw>
<kw name="Click Element" owner="SeleniumLibrary">
<msg time="2024-03-18T00:55:41.213190" level="INFO">Clicking element '//div[@role='listbox']//div[2]'.</msg>
<arg>${Leave_Type_DDL}</arg>
<doc>Click the element identified by ``locator``.</doc>
<status status="PASS" start="2024-03-18T00:55:41.213190" elapsed="0.129632"/>
</kw>
<kw name="Sleep" owner="BuiltIn">
<msg time="2024-03-18T00:55:43.343879" level="INFO">Slept 2 seconds.</msg>
<arg>2</arg>
<doc>Pauses the test executed for the given time.</doc>
<status status="PASS" start="2024-03-18T00:55:41.343820" elapsed="2.000059"/>
</kw>
<status status="PASS" start="2024-03-18T00:55:39.136747" elapsed="4.207132"/>
</kw>
<kw name="Add Date From To" owner="Resources">
<kw name="Input Text" owner="SeleniumLibrary">
<msg time="2024-03-18T00:55:43.358841" level="INFO">Typing text '2024-03-18' into text field '//*[@id='app']/div[1]/div[2]/div[2]/div/div/form/div[3]/div/div[1]/div/div[2]/div/div/input'.</msg>
<arg>${From_Date_Field}</arg>
<arg>${From_today}</arg>
<doc>Types the given ``text`` into the text field identified by ``locator``.</doc>
<status status="PASS" start="2024-03-18T00:55:43.358841" elapsed="0.112800"/>
</kw>
<kw name="Sleep" owner="BuiltIn">
<msg time="2024-03-18T00:55:44.473597" level="INFO">Slept 1 second.</msg>
<arg>1</arg>
<doc>Pauses the test executed for the given time.</doc>
<status status="PASS" start="2024-03-18T00:55:43.472638" elapsed="1.000959"/>
</kw>
<kw name="Click Element" owner="SeleniumLibrary">
<msg time="2024-03-18T00:55:44.474372" level="INFO">Clicking element '//*[@id='app']/div[1]/div[2]/div[2]/div/div/form/div[3]/div/div[2]/div/div[2]/div/div/input'.</msg>
<arg>${To_Date_Field}</arg>
<doc>Click the element identified by ``locator``.</doc>
<status status="PASS" start="2024-03-18T00:55:44.474372" elapsed="0.097271"/>
</kw>
<kw name="Sleep" owner="BuiltIn">
<msg time="2024-03-18T00:55:46.573015" level="INFO">Slept 2 seconds.</msg>
<arg>2</arg>
<doc>Pauses the test executed for the given time.</doc>
<status status="PASS" start="2024-03-18T00:55:44.572634" elapsed="2.000381"/>
</kw>
<status status="PASS" start="2024-03-18T00:55:43.357842" elapsed="3.215173"/>
</kw>
<kw name="Click on Assign" owner="Resources">
<kw name="Click Button" owner="SeleniumLibrary">
<msg time="2024-03-18T00:55:46.575703" level="INFO">Clicking button '//button[@type='submit']'.</msg>
<arg>${Submit_btn}</arg>
<doc>Clicks the button identified by ``locator``.</doc>
<status status="PASS" start="2024-03-18T00:55:46.575703" elapsed="0.084345"/>
</kw>
<kw name="Sleep" owner="BuiltIn">
<msg time="2024-03-18T00:55:47.661441" level="INFO">Slept 1 second.</msg>
<arg>1</arg>
<doc>Pauses the test executed for the given time.</doc>
<status status="PASS" start="2024-03-18T00:55:46.660048" elapsed="1.001393"/>
</kw>
<status status="PASS" start="2024-03-18T00:55:46.574701" elapsed="1.087742"/>
</kw>
<kw name="Check the Toaster message" owner="Resources">
<kw name="Wait Until Element Is Visible" owner="SeleniumLibrary">
<arg>${Toaster}</arg>
<arg>timeout=5s</arg>
<doc>Waits until the element ``locator`` is visible.</doc>
<status status="PASS" start="2024-03-18T00:55:47.663440" elapsed="0.503073"/>
</kw>
<kw name="Capture Page Screenshot" owner="SeleniumLibrary">
<msg time="2024-03-18T00:55:48.320546" level="INFO" html="true">&lt;/td&gt;&lt;/tr&gt;&lt;tr&gt;&lt;td colspan="3"&gt;&lt;a href="selenium-screenshot-1.png"&gt;&lt;img src="selenium-screenshot-1.png" width="800px"&gt;&lt;/a&gt;</msg>
<doc>Takes a screenshot of the current page and embeds it into a log file.</doc>
<status status="PASS" start="2024-03-18T00:55:48.166513" elapsed="0.154033"/>
</kw>
<kw name="Sleep" owner="BuiltIn">
<msg time="2024-03-18T00:55:50.322371" level="INFO">Slept 2 seconds.</msg>
<arg>2</arg>
<doc>Pauses the test executed for the given time.</doc>
<status status="PASS" start="2024-03-18T00:55:48.321531" elapsed="2.000840"/>
</kw>
<status status="PASS" start="2024-03-18T00:55:47.663440" elapsed="2.658931"/>
</kw>
<kw name="Click on Profile Button" owner="Resources">
<kw name="Click Element" owner="SeleniumLibrary">
<msg time="2024-03-18T00:55:50.324378" level="INFO">Clicking element '//span[@class='oxd-userdropdown-tab']'.</msg>
<arg>${Profile}</arg>
<doc>Click the element identified by ``locator``.</doc>
<status status="PASS" start="2024-03-18T00:55:50.324378" elapsed="0.062603"/>
</kw>
<kw name="Sleep" owner="BuiltIn">
<msg time="2024-03-18T00:55:52.387431" level="INFO">Slept 2 seconds.</msg>
<arg>2</arg>
<doc>Pauses the test executed for the given time.</doc>
<status status="PASS" start="2024-03-18T00:55:50.386981" elapsed="2.000450"/>
</kw>
<status status="PASS" start="2024-03-18T00:55:50.323373" elapsed="2.064058"/>
</kw>
<kw name="CLick on Logout Button" owner="Resources">
<kw name="Click Element" owner="SeleniumLibrary">
<msg time="2024-03-18T00:55:52.389432" level="INFO">Clicking element '//a[@href='/web/index.php/auth/logout']'.</msg>
<arg>${logout_button}</arg>
<doc>Click the element identified by ``locator``.</doc>
<status status="PASS" start="2024-03-18T00:55:52.389432" elapsed="0.535462"/>
</kw>
<kw name="Sleep" owner="BuiltIn">
<msg time="2024-03-18T00:55:54.926265" level="INFO">Slept 2 seconds.</msg>
<arg>2</arg>
<doc>Pauses the test executed for the given time.</doc>
<status status="PASS" start="2024-03-18T00:55:52.925893" elapsed="2.000372"/>
</kw>
<status status="PASS" start="2024-03-18T00:55:52.388433" elapsed="2.537832"/>
</kw>
<kw name="Check that user is logged out" owner="Resources">
<kw name="Page Should Contain" owner="SeleniumLibrary">
<msg time="2024-03-18T00:55:54.947133" level="INFO">Current page contains text 'Login'.</msg>
<arg>Login</arg>
<doc>Verifies that current page contains ``text``.</doc>
<status status="PASS" start="2024-03-18T00:55:54.929260" elapsed="0.017873"/>
</kw>
<kw name="Sleep" owner="BuiltIn">
<msg time="2024-03-18T00:55:57.948500" level="INFO">Slept 3 seconds.</msg>
<arg>3</arg>
<doc>Pauses the test executed for the given time.</doc>
<status status="PASS" start="2024-03-18T00:55:54.947133" elapsed="3.001367"/>
</kw>
<status status="PASS" start="2024-03-18T00:55:54.928264" elapsed="3.020236"/>
</kw>
<kw name="Close the Browser" owner="Resources">
<kw name="Close Browser" owner="SeleniumLibrary">
<doc>Closes the current browser.</doc>
<status status="PASS" start="2024-03-18T00:55:57.950499" elapsed="3.369346"/>
</kw>
<status status="PASS" start="2024-03-18T00:55:57.949518" elapsed="3.370327"/>
</kw>
<status status="PASS" start="2024-03-18T00:55:05.077418" elapsed="56.243430"/>
</test>
<status status="PASS" start="2024-03-18T00:55:04.737329" elapsed="56.585513"/>
</suite>
<statistics>
<total>
<stat pass="1" fail="0" skip="0">All Tests</stat>
</total>
<tag>
</tag>
<suite>
<stat pass="1" fail="0" skip="0" id="s1" name="Testcases">Testcases</stat>
</suite>
</statistics>
<errors>
</errors>
</robot>
